     1                                 %line 2+1 play.asm
     2                                 
     3                                 [section .text]
     4                                 [global _start]
     5                                 
     6                                  halt:
     7 00000000 4831FF                  xor rdi, rdi
     8 00000003 48C7C03C000000          mov rax, 0x3c
     9 0000000A 0F05                    syscall
    10                                 
    11                                  halt_error:
    12 0000000C 4831FF                  xor rdi, rdi
    13 0000000F 48F7D7                  not rdi
    14 00000012 48C7C03C000000          mov rax, 0x3c
    15 00000019 0F05                    syscall
    16                                 
    17                                 %line 49+1 play.asm
    18                                  A:
    19 0000001B 4C8B0C24                mov r9, [rsp]
    20 0000001F 4C850C24                test [rsp], r9
    21 00000023 7400                    jz .read0
    22 00000025 EB12                    jmp .read1
    23                                 
    24                                  .read0:
    25                                 
    26                                 %line 56+0 play.asm
    27                                 
    28 00000027 4158                    pop r8
    29 00000029 6A01                    push 1
    30                                 
    31                                 
    32 0000002B 4C3913                  cmp [rbx], r10
    33 0000002E 7405                    je .empty_heap_0
    34 00000030 4C8B1B                  mov r11, [rbx]
    35 00000033 4153                    push r11
    36 00000035 EB1B                    jmp B
    37                                  .empty_heap_0:
    38 00000037 6A00                    push 0
    39 00000039 EB17                    jmp B
    40                                 
    41                                 %line 57+1 play.asm
    42                                 
    43                                  .read1:
    44                                 
    45                                 %line 59+0 play.asm
    46 0000003B 4158                    pop r8
    47                                 
    48                                 
    49 0000003D 48FFC3                  inc rbx
    50 00000040 49C7C101000000          mov r9, 1
    51 00000047 4C890B                  mov [rbx], r9
    52                                 
    53                                 
    54 0000004A 4C391424                cmp [rsp], r10
    55 0000004E 7536                    jne C
    56 00000050 6A00                    push 0
    57 00000052 EB32                    jmp C
    58                                 
    59                                 %line 60+1 play.asm
    60                                 
    61                                  B:
    62 00000054 4C8B0C24                mov r9, [rsp]
    63 00000058 4C850C24                test [rsp], r9
    64 0000005C 7400                    jz .read0
    65 0000005E EB12                    jmp .read1
    66                                 
    67                                  .read0:
    68                                 
    69                                 %line 68+0 play.asm
    70                                 
    71 00000060 4158                    pop r8
    72 00000062 6A01                    push 1
    73                                 
    74                                 
    75 00000064 4C3913                  cmp [rbx], r10
    76 00000067 7405                    je .empty_heap_0
    77 00000069 4C8B1B                  mov r11, [rbx]
    78 0000006C 4153                    push r11
    79 0000006E EB16                    jmp C
    80                                  .empty_heap_0:
    81 00000070 6A00                    push 0
    82 00000072 EB12                    jmp C
    83                                 
    84                                 %line 69+1 play.asm
    85                                 
    86                                  .read1:
    87                                 
    88                                 %line 71+0 play.asm
    89                                 
    90 00000074 4158                    pop r8
    91 00000076 6A01                    push 1
    92                                 
    93                                 
    94 00000078 4C3913                  cmp [rbx], r10
    95 0000007B 7405                    je .empty_heap_1
    96 0000007D 4C8B1B                  mov r11, [rbx]
    97 00000080 4153                    push r11
    98 00000082 EBCE                    jmp B
    99                                  .empty_heap_1:
   100 00000084 6A00                    push 0
   101 00000086 EBCA                    jmp B
   102                                 
   103                                 %line 72+1 play.asm
   104                                 
   105                                  C:
   106 00000088 4C8B0C24                mov r9, [rsp]
   107 0000008C 4C850C24                test [rsp], r9
   108 00000090 7400                    jz .read0
   109 00000092 EB12                    jmp .read1
   110                                 
   111                                  .read0:
   112                                 
   113                                 %line 80+0 play.asm
   114                                 
   115 00000094 4158                    pop r8
   116 00000096 6A01                    push 1
   117                                 
   118                                 
   119 00000098 4C3913                  cmp [rbx], r10
   120 0000009B 7405                    je .empty_heap_0
   121 0000009D 4C8B1B                  mov r11, [rbx]
   122 000000A0 4153                    push r11
   123 000000A2 EB1B                    jmp D
   124                                  .empty_heap_0:
   125 000000A4 6A00                    push 0
   126 000000A6 EB17                    jmp D
   127                                 
   128                                 %line 81+1 play.asm
   129                                 
   130                                  .read1:
   131                                 
   132                                 %line 83+0 play.asm
   133 000000A8 4158                    pop r8
   134                                 
   135                                 
   136 000000AA 48FFC3                  inc rbx
   137 000000AD 49C7C100000000          mov r9, 0
   138 000000B4 4C890B                  mov [rbx], r9
   139                                 
   140                                 
   141 000000B7 4C391424                cmp [rsp], r10
   142 000000BB 7547                    jne E
   143 000000BD 6A00                    push 0
   144 000000BF EB43                    jmp E
   145                                 
   146                                 %line 84+1 play.asm
   147                                 
   148                                  D:
   149 000000C1 4C8B0C24                mov r9, [rsp]
   150 000000C5 4C850C24                test [rsp], r9
   151 000000C9 7400                    jz .read0
   152 000000CB EB1E                    jmp .read1
   153                                 
   154                                  .read0:
   155                                 
   156                                 %line 92+0 play.asm
   157 000000CD 4158                    pop r8
   158                                 
   159                                 
   160 000000CF 48FFC3                  inc rbx
   161 000000D2 49C7C101000000          mov r9, 1
   162 000000D9 4C890B                  mov [rbx], r9
   163                                 
   164                                 
   165 000000DC 4C391424                cmp [rsp], r10
   166 000000E0 0F852FFFFFFF            jne A
   167 000000E6 6A00                    push 0
   168 000000E8 E929FFFFFF              jmp A
   169                                 
   170                                 %line 93+1 play.asm
   171                                 
   172                                  .read1:
   173                                 
   174                                 %line 95+0 play.asm
   175 000000ED 4158                    pop r8
   176                                 
   177                                 
   178 000000EF 48FFC3                  inc rbx
   179 000000F2 49C7C101000000          mov r9, 1
   180 000000F9 4C890B                  mov [rbx], r9
   181                                 
   182                                 
   183 000000FC 4C391424                cmp [rsp], r10
   184 00000100 75BD                    jne D
   185 00000102 6A00                    push 0
   186 00000104 EBB9                    jmp D
   187                                 
   188                                 %line 96+1 play.asm
   189                                 
   190                                  E:
   191 00000106 4C8B0C24                mov r9, [rsp]
   192 0000010A 4C850C24                test [rsp], r9
   193 0000010E 7400                    jz .read0
   194 00000110 EB18                    jmp .read1
   195                                 
   196                                  .read0:
   197                                 
   198                                 %line 104+0 play.asm
   199                                 
   200 00000112 4158                    pop r8
   201 00000114 6A01                    push 1
   202                                 
   203                                 
   204 00000116 4C3913                  cmp [rbx], r10
   205 00000119 7408                    je .empty_heap_0
   206 0000011B 4C8B1B                  mov r11, [rbx]
   207 0000011E 4153                    push r11
   208 00000120 E9D6FEFFFF              jmp halt
   209                                  .empty_heap_0:
   210 00000125 6A00                    push 0
   211 00000127 E9CFFEFFFF              jmp halt
   212                                 
   213                                 %line 105+1 play.asm
   214                                 
   215                                  .read1:
   216                                 
   217                                 %line 107+0 play.asm
   218 0000012C 4158                    pop r8
   219                                 
   220                                 
   221 0000012E 48FFC3                  inc rbx
   222 00000131 49C7C100000000          mov r9, 0
   223 00000138 4C890B                  mov [rbx], r9
   224                                 
   225                                 
   226 0000013B 4C391424                cmp [rsp], r10
   227 0000013F 0F85D0FEFFFF            jne A
   228 00000145 6A00                    push 0
   229 00000147 E9CAFEFFFF              jmp A
   230                                 
   231                                 %line 108+1 play.asm
   232                                 
   233                                 
   234                                 
   235                                  init_heap:
   236                                 
   237 0000014C 48C7C00C000000          mov rax, 12
   238 00000153 48C7C700000000          mov rdi, 0
   239 0000015A 0F05                    syscall
   240                                 
   241 0000015C 4889C3                  mov rbx, rax
   242                                 
   243                                 
   244 0000015F 488DB8002D3101          lea rdi, [rax + 20000000]
   245 00000166 48C7C00C000000          mov rax, 12
   246 0000016D 0F05                    syscall
   247                                 
   248 0000016F 4C8913                  mov [rbx], r10
   249                                 
   250 00000172 C3                      ret
   251                                 
   252                                 
   253                                  _start:
   254 00000173 49C7C202000000          mov r10, 0x2
   255 0000017A E8C8FFFFFF              call init_heap
   256 0000017F 6A02                    push 0x2
   257 00000181 6A00                    push 0
   258 00000183 E98EFEFFFF              jmp A
   259                                 
